2024-04-22T16:48:15.877224+00:00 INFO 'ansible_navigator.setup_logger' New ansible-navigator instance, logging initialized
2024-04-22T16:48:15.880294+00:00 INFO 'ansible_navigator.setup_logger' New ansible-runner instance, logging initialized
2024-04-22T16:48:15.880417+00:00 DEBUG 'ansible_navigator.main' Jinja2==3.1.2 
2024-04-22T16:48:15.880464+00:00 DEBUG 'ansible_navigator.main' MarkupSafe==2.1.3 
2024-04-22T16:48:15.880508+00:00 DEBUG 'ansible_navigator.main' Parsley==1.3 
2024-04-22T16:48:15.880546+00:00 DEBUG 'ansible_navigator.main' PyYAML==6.0 
2024-04-22T16:48:15.880632+00:00 DEBUG 'ansible_navigator.main' Pygments==2.15.1 
2024-04-22T16:48:15.880679+00:00 DEBUG 'ansible_navigator.main' ansible-base==2.10.17 
2024-04-22T16:48:15.880733+00:00 DEBUG 'ansible_navigator.main' ansible-builder==3.0.1 
2024-04-22T16:48:15.880774+00:00 DEBUG 'ansible_navigator.main' ansible-compat==4.1.11 
2024-04-22T16:48:15.880806+00:00 DEBUG 'ansible_navigator.main' ansible-core==2.15.1 
2024-04-22T16:48:15.880836+00:00 DEBUG 'ansible_navigator.main' ansible-lint==24.2.2 
2024-04-22T16:48:15.880866+00:00 DEBUG 'ansible_navigator.main' ansible-navigator==24.2.0 
2024-04-22T16:48:15.880894+00:00 DEBUG 'ansible_navigator.main' ansible-runner==2.3.6 
2024-04-22T16:48:15.880923+00:00 DEBUG 'ansible_navigator.main' ansible==8.1.0 /usr/local/google/home/friasc/.pyenv/versions/3.11.2/envs/bap_coe/lib/python3.11/site-packages/ansible/__init__.py
2024-04-22T16:48:15.880967+00:00 DEBUG 'ansible_navigator.main' apache-libcloud==3.7.0 
2024-04-22T16:48:15.880997+00:00 DEBUG 'ansible_navigator.main' arrow==1.2.3 /usr/local/google/home/friasc/.pyenv/versions/3.11.2/envs/bap_coe/lib/python3.11/site-packages/arrow/__init__.py
2024-04-22T16:48:15.881025+00:00 DEBUG 'ansible_navigator.main' attrs==23.1.0 /usr/local/google/home/friasc/.pyenv/versions/3.11.2/envs/bap_coe/lib/python3.11/site-packages/attrs/__init__.py
2024-04-22T16:48:15.881056+00:00 DEBUG 'ansible_navigator.main' awscrt==0.19.17 /usr/local/google/home/friasc/.pyenv/versions/3.11.2/envs/bap_coe/lib/python3.11/site-packages/awscrt/__init__.py
2024-04-22T16:48:15.881085+00:00 DEBUG 'ansible_navigator.main' binaryornot==0.4.4 /usr/local/google/home/friasc/.pyenv/versions/3.11.2/envs/bap_coe/lib/python3.11/site-packages/binaryornot/__init__.py
2024-04-22T16:48:15.881115+00:00 DEBUG 'ansible_navigator.main' bindep==2.11.0 /usr/local/google/home/friasc/.pyenv/versions/3.11.2/envs/bap_coe/lib/python3.11/site-packages/bindep/__init__.py
2024-04-22T16:48:15.881143+00:00 DEBUG 'ansible_navigator.main' black==24.4.0 /usr/local/google/home/friasc/.pyenv/versions/3.11.2/envs/bap_coe/lib/python3.11/site-packages/black/__init__.cpython-311-x86_64-linux-gnu.so
2024-04-22T16:48:15.881171+00:00 DEBUG 'ansible_navigator.main' boto3==1.29.7 /usr/local/google/home/friasc/.pyenv/versions/3.11.2/envs/bap_coe/lib/python3.11/site-packages/boto3/__init__.py
2024-04-22T16:48:15.881199+00:00 DEBUG 'ansible_navigator.main' botocore==1.32.7 /usr/local/google/home/friasc/.pyenv/versions/3.11.2/envs/bap_coe/lib/python3.11/site-packages/botocore/__init__.py
2024-04-22T16:48:15.881228+00:00 DEBUG 'ansible_navigator.main' bracex==2.3.post1 /usr/local/google/home/friasc/.pyenv/versions/3.11.2/envs/bap_coe/lib/python3.11/site-packages/bracex/__init__.py
2024-04-22T16:48:15.881256+00:00 DEBUG 'ansible_navigator.main' cachetools==5.3.1 /usr/local/google/home/friasc/.pyenv/versions/3.11.2/envs/bap_coe/lib/python3.11/site-packages/cachetools/__init__.py
2024-04-22T16:48:15.881285+00:00 DEBUG 'ansible_navigator.main' certifi==2023.5.7 /usr/local/google/home/friasc/.pyenv/versions/3.11.2/envs/bap_coe/lib/python3.11/site-packages/certifi/__init__.py
2024-04-22T16:48:15.881312+00:00 DEBUG 'ansible_navigator.main' cffi==1.15.1 /usr/local/google/home/friasc/.pyenv/versions/3.11.2/envs/bap_coe/lib/python3.11/site-packages/cffi/__init__.py
2024-04-22T16:48:15.881339+00:00 DEBUG 'ansible_navigator.main' chardet==5.1.0 /usr/local/google/home/friasc/.pyenv/versions/3.11.2/envs/bap_coe/lib/python3.11/site-packages/chardet/__init__.py
2024-04-22T16:48:15.881366+00:00 DEBUG 'ansible_navigator.main' charset-normalizer==3.1.0 
2024-04-22T16:48:15.881407+00:00 DEBUG 'ansible_navigator.main' click-help-colors==0.9.1 
2024-04-22T16:48:15.881435+00:00 DEBUG 'ansible_navigator.main' click==8.1.3 /usr/local/google/home/friasc/.pyenv/versions/3.11.2/envs/bap_coe/lib/python3.11/site-packages/click/__init__.py
2024-04-22T16:48:15.881463+00:00 DEBUG 'ansible_navigator.main' cookiecutter==2.1.1 /usr/local/google/home/friasc/.pyenv/versions/3.11.2/envs/bap_coe/lib/python3.11/site-packages/cookiecutter/__init__.py
2024-04-22T16:48:15.881491+00:00 DEBUG 'ansible_navigator.main' cryptography==41.0.1 /usr/local/google/home/friasc/.pyenv/versions/3.11.2/envs/bap_coe/lib/python3.11/site-packages/cryptography/__init__.py
2024-04-22T16:48:15.881519+00:00 DEBUG 'ansible_navigator.main' distro==1.9.0 /usr/local/google/home/friasc/.pyenv/versions/3.11.2/envs/bap_coe/lib/python3.11/site-packages/distro/__init__.py
2024-04-22T16:48:15.881546+00:00 DEBUG 'ansible_navigator.main' docutils==0.21.1 /usr/local/google/home/friasc/.pyenv/versions/3.11.2/envs/bap_coe/lib/python3.11/site-packages/docutils/__init__.py
2024-04-22T16:48:15.881582+00:00 DEBUG 'ansible_navigator.main' enrich==1.2.7 /usr/local/google/home/friasc/.pyenv/versions/3.11.2/envs/bap_coe/lib/python3.11/site-packages/enrich/__init__.py
2024-04-22T16:48:15.881610+00:00 DEBUG 'ansible_navigator.main' filelock==3.12.2 /usr/local/google/home/friasc/.pyenv/versions/3.11.2/envs/bap_coe/lib/python3.11/site-packages/filelock/__init__.py
2024-04-22T16:48:15.881638+00:00 DEBUG 'ansible_navigator.main' google-api-core==2.11.1 
2024-04-22T16:48:15.881665+00:00 DEBUG 'ansible_navigator.main' google-api-python-client==2.91.0 
2024-04-22T16:48:15.881693+00:00 DEBUG 'ansible_navigator.main' google-auth-httplib2==0.1.0 
2024-04-22T16:48:15.881720+00:00 DEBUG 'ansible_navigator.main' google-auth==2.21.0 
2024-04-22T16:48:15.881748+00:00 DEBUG 'ansible_navigator.main' googleapis-common-protos==1.59.1 
2024-04-22T16:48:15.881776+00:00 DEBUG 'ansible_navigator.main' httplib2==0.22.0 /usr/local/google/home/friasc/.pyenv/versions/3.11.2/envs/bap_coe/lib/python3.11/site-packages/httplib2/__init__.py
2024-04-22T16:48:15.881820+00:00 DEBUG 'ansible_navigator.main' idna==3.4 /usr/local/google/home/friasc/.pyenv/versions/3.11.2/envs/bap_coe/lib/python3.11/site-packages/idna/__init__.py
2024-04-22T16:48:15.881851+00:00 DEBUG 'ansible_navigator.main' importlib_resources==6.4.0 /usr/local/google/home/friasc/.pyenv/versions/3.11.2/envs/bap_coe/lib/python3.11/site-packages/importlib_resources/__init__.py
2024-04-22T16:48:15.881878+00:00 DEBUG 'ansible_navigator.main' jinja2-ansible-filters==1.3.2 
2024-04-22T16:48:15.881906+00:00 DEBUG 'ansible_navigator.main' jinja2-time==0.2.0 
2024-04-22T16:48:15.881933+00:00 DEBUG 'ansible_navigator.main' jmespath==1.0.1 /usr/local/google/home/friasc/.pyenv/versions/3.11.2/envs/bap_coe/lib/python3.11/site-packages/jmespath/__init__.py
2024-04-22T16:48:15.881961+00:00 DEBUG 'ansible_navigator.main' jsonpatch==1.33 /usr/local/google/home/friasc/.pyenv/versions/3.11.2/envs/bap_coe/lib/python3.11/site-packages/jsonpatch.py
2024-04-22T16:48:15.881988+00:00 DEBUG 'ansible_navigator.main' jsonpointer==2.4 /usr/local/google/home/friasc/.pyenv/versions/3.11.2/envs/bap_coe/lib/python3.11/site-packages/jsonpointer.py
2024-04-22T16:48:15.882015+00:00 DEBUG 'ansible_navigator.main' jsonschema==4.17.3 /usr/local/google/home/friasc/.pyenv/versions/3.11.2/envs/bap_coe/lib/python3.11/site-packages/jsonschema/__init__.py
2024-04-22T16:48:15.882042+00:00 DEBUG 'ansible_navigator.main' kubernetes-validate==1.29.1 
2024-04-22T16:48:15.882069+00:00 DEBUG 'ansible_navigator.main' kubernetes==28.1.0 /usr/local/google/home/friasc/.pyenv/versions/3.11.2/envs/bap_coe/lib/python3.11/site-packages/kubernetes/__init__.py
2024-04-22T16:48:15.882096+00:00 DEBUG 'ansible_navigator.main' lockfile==0.12.2 /usr/local/google/home/friasc/.pyenv/versions/3.11.2/envs/bap_coe/lib/python3.11/site-packages/lockfile/__init__.py
2024-04-22T16:48:15.882123+00:00 DEBUG 'ansible_navigator.main' markdown-it-py==3.0.0 
2024-04-22T16:48:15.882164+00:00 DEBUG 'ansible_navigator.main' mdurl==0.1.2 /usr/local/google/home/friasc/.pyenv/versions/3.11.2/envs/bap_coe/lib/python3.11/site-packages/mdurl/__init__.py
2024-04-22T16:48:15.882193+00:00 DEBUG 'ansible_navigator.main' molecule-gce==1.0.0 
2024-04-22T16:48:15.882221+00:00 DEBUG 'ansible_navigator.main' molecule==5.1.0 /usr/local/google/home/friasc/.pyenv/versions/3.11.2/envs/bap_coe/lib/python3.11/site-packages/molecule/__init__.py
2024-04-22T16:48:15.882249+00:00 DEBUG 'ansible_navigator.main' mypy-extensions==1.0.0 
2024-04-22T16:48:15.882277+00:00 DEBUG 'ansible_navigator.main' netaddr==0.8.0 /usr/local/google/home/friasc/.pyenv/versions/3.11.2/envs/bap_coe/lib/python3.11/site-packages/netaddr/__init__.py
2024-04-22T16:48:15.882304+00:00 DEBUG 'ansible_navigator.main' numpy==1.25.0 /usr/local/google/home/friasc/.pyenv/versions/3.11.2/envs/bap_coe/lib/python3.11/site-packages/numpy/__init__.py
2024-04-22T16:48:15.882331+00:00 DEBUG 'ansible_navigator.main' oauthlib==3.2.2 /usr/local/google/home/friasc/.pyenv/versions/3.11.2/envs/bap_coe/lib/python3.11/site-packages/oauthlib/__init__.py
2024-04-22T16:48:15.882358+00:00 DEBUG 'ansible_navigator.main' onigurumacffi==1.3.0 /usr/local/google/home/friasc/.pyenv/versions/3.11.2/envs/bap_coe/lib/python3.11/site-packages/onigurumacffi.py
2024-04-22T16:48:15.882386+00:00 DEBUG 'ansible_navigator.main' packaging==23.1 /usr/local/google/home/friasc/.pyenv/versions/3.11.2/envs/bap_coe/lib/python3.11/site-packages/packaging/__init__.py
2024-04-22T16:48:15.882523+00:00 DEBUG 'ansible_navigator.main' passlib==1.7.4 /usr/local/google/home/friasc/.pyenv/versions/3.11.2/envs/bap_coe/lib/python3.11/site-packages/passlib/__init__.py
2024-04-22T16:48:15.882557+00:00 DEBUG 'ansible_navigator.main' pathspec==0.11.1 /usr/local/google/home/friasc/.pyenv/versions/3.11.2/envs/bap_coe/lib/python3.11/site-packages/pathspec/__init__.py
2024-04-22T16:48:15.882594+00:00 DEBUG 'ansible_navigator.main' pbr==6.0.0 /usr/local/google/home/friasc/.pyenv/versions/3.11.2/envs/bap_coe/lib/python3.11/site-packages/pbr/__init__.py
2024-04-22T16:48:15.882622+00:00 DEBUG 'ansible_navigator.main' pexpect==4.8.0 /usr/local/google/home/friasc/.pyenv/versions/3.11.2/envs/bap_coe/lib/python3.11/site-packages/pexpect/__init__.py
2024-04-22T16:48:15.882650+00:00 DEBUG 'ansible_navigator.main' pip==23.3.1 /usr/local/google/home/friasc/.pyenv/versions/3.11.2/envs/bap_coe/lib/python3.11/site-packages/pip/__init__.py
2024-04-22T16:48:15.882679+00:00 DEBUG 'ansible_navigator.main' platformdirs==3.8.0 /usr/local/google/home/friasc/.pyenv/versions/3.11.2/envs/bap_coe/lib/python3.11/site-packages/platformdirs/__init__.py
2024-04-22T16:48:15.882706+00:00 DEBUG 'ansible_navigator.main' pluggy==1.2.0 /usr/local/google/home/friasc/.pyenv/versions/3.11.2/envs/bap_coe/lib/python3.11/site-packages/pluggy/__init__.py
2024-04-22T16:48:15.882734+00:00 DEBUG 'ansible_navigator.main' protobuf==4.23.3 
2024-04-22T16:48:15.882762+00:00 DEBUG 'ansible_navigator.main' ptyprocess==0.7.0 /usr/local/google/home/friasc/.pyenv/versions/3.11.2/envs/bap_coe/lib/python3.11/site-packages/ptyprocess/__init__.py
2024-04-22T16:48:15.882792+00:00 DEBUG 'ansible_navigator.main' pyasn1-modules==0.3.0 
2024-04-22T16:48:15.882821+00:00 DEBUG 'ansible_navigator.main' pyasn1==0.5.0 /usr/local/google/home/friasc/.pyenv/versions/3.11.2/envs/bap_coe/lib/python3.11/site-packages/pyasn1/__init__.py
2024-04-22T16:48:15.882850+00:00 DEBUG 'ansible_navigator.main' pycparser==2.21 /usr/local/google/home/friasc/.pyenv/versions/3.11.2/envs/bap_coe/lib/python3.11/site-packages/pycparser/__init__.py
2024-04-22T16:48:15.882878+00:00 DEBUG 'ansible_navigator.main' pycryptodome==3.18.0 
2024-04-22T16:48:15.882905+00:00 DEBUG 'ansible_navigator.main' pyparsing==3.1.0 /usr/local/google/home/friasc/.pyenv/versions/3.11.2/envs/bap_coe/lib/python3.11/site-packages/pyparsing/__init__.py
2024-04-22T16:48:15.882935+00:00 DEBUG 'ansible_navigator.main' pyrsistent==0.19.3 /usr/local/google/home/friasc/.pyenv/versions/3.11.2/envs/bap_coe/lib/python3.11/site-packages/pyrsistent/__init__.py
2024-04-22T16:48:15.882996+00:00 DEBUG 'ansible_navigator.main' pyspnego==0.9.1 
2024-04-22T16:48:15.883047+00:00 DEBUG 'ansible_navigator.main' python-daemon==3.0.1 
2024-04-22T16:48:15.883085+00:00 DEBUG 'ansible_navigator.main' python-dateutil==2.8.2 
2024-04-22T16:48:15.883113+00:00 DEBUG 'ansible_navigator.main' python-slugify==8.0.1 
2024-04-22T16:48:15.883143+00:00 DEBUG 'ansible_navigator.main' pywinrm==0.4.3 
2024-04-22T16:48:15.883171+00:00 DEBUG 'ansible_navigator.main' referencing==0.34.0 /usr/local/google/home/friasc/.pyenv/versions/3.11.2/envs/bap_coe/lib/python3.11/site-packages/referencing/__init__.py
2024-04-22T16:48:15.883200+00:00 DEBUG 'ansible_navigator.main' requests-ntlm==1.2.0 
2024-04-22T16:48:15.883228+00:00 DEBUG 'ansible_navigator.main' requests-oauthlib==1.3.1 
2024-04-22T16:48:15.883256+00:00 DEBUG 'ansible_navigator.main' requests==2.31.0 /usr/local/google/home/friasc/.pyenv/versions/3.11.2/envs/bap_coe/lib/python3.11/site-packages/requests/__init__.py
2024-04-22T16:48:15.883284+00:00 DEBUG 'ansible_navigator.main' requirements-parser==0.9.0 
2024-04-22T16:48:15.883312+00:00 DEBUG 'ansible_navigator.main' resolvelib==1.0.1 /usr/local/google/home/friasc/.pyenv/versions/3.11.2/envs/bap_coe/lib/python3.11/site-packages/resolvelib/__init__.py
2024-04-22T16:48:15.883341+00:00 DEBUG 'ansible_navigator.main' rich==13.4.2 /usr/local/google/home/friasc/.pyenv/versions/3.11.2/envs/bap_coe/lib/python3.11/site-packages/rich/__init__.py
2024-04-22T16:48:15.883369+00:00 DEBUG 'ansible_navigator.main' rpds-py==0.18.0 
2024-04-22T16:48:15.883397+00:00 DEBUG 'ansible_navigator.main' rsa==4.9 /usr/local/google/home/friasc/.pyenv/versions/3.11.2/envs/bap_coe/lib/python3.11/site-packages/rsa/__init__.py
2024-04-22T16:48:15.883425+00:00 DEBUG 'ansible_navigator.main' ruamel.yaml.clib==0.2.7 
2024-04-22T16:48:15.883452+00:00 DEBUG 'ansible_navigator.main' ruamel.yaml==0.18.6 /usr/local/google/home/friasc/.pyenv/versions/3.11.2/envs/bap_coe/lib/python3.11/site-packages/ruamel/yaml/__init__.py
2024-04-22T16:48:15.883480+00:00 DEBUG 'ansible_navigator.main' s3transfer==0.8.0 /usr/local/google/home/friasc/.pyenv/versions/3.11.2/envs/bap_coe/lib/python3.11/site-packages/s3transfer/__init__.py
2024-04-22T16:48:15.883508+00:00 DEBUG 'ansible_navigator.main' setuptools==65.5.0 /usr/local/google/home/friasc/.pyenv/versions/3.11.2/envs/bap_coe/lib/python3.11/site-packages/setuptools/__init__.py
2024-04-22T16:48:15.883537+00:00 DEBUG 'ansible_navigator.main' six==1.16.0 /usr/local/google/home/friasc/.pyenv/versions/3.11.2/envs/bap_coe/lib/python3.11/site-packages/six.py
2024-04-22T16:48:15.883575+00:00 DEBUG 'ansible_navigator.main' subprocess-tee==0.4.1 
2024-04-22T16:48:15.883605+00:00 DEBUG 'ansible_navigator.main' text-unidecode==1.3 
2024-04-22T16:48:15.883633+00:00 DEBUG 'ansible_navigator.main' types-setuptools==69.5.0.20240415 
2024-04-22T16:48:15.883661+00:00 DEBUG 'ansible_navigator.main' typing_extensions==4.11.0 /usr/local/google/home/friasc/.pyenv/versions/3.11.2/envs/bap_coe/lib/python3.11/site-packages/typing_extensions.py
2024-04-22T16:48:15.883689+00:00 DEBUG 'ansible_navigator.main' tzdata==2024.1 /usr/local/google/home/friasc/.pyenv/versions/3.11.2/envs/bap_coe/lib/python3.11/site-packages/tzdata/__init__.py
2024-04-22T16:48:15.883788+00:00 DEBUG 'ansible_navigator.main' uritemplate==4.1.1 /usr/local/google/home/friasc/.pyenv/versions/3.11.2/envs/bap_coe/lib/python3.11/site-packages/uritemplate/__init__.py
2024-04-22T16:48:15.883850+00:00 DEBUG 'ansible_navigator.main' urllib3==1.26.16 /usr/local/google/home/friasc/.pyenv/versions/3.11.2/envs/bap_coe/lib/python3.11/site-packages/urllib3/__init__.py
2024-04-22T16:48:15.883914+00:00 DEBUG 'ansible_navigator.main' wcmatch==8.4.1 /usr/local/google/home/friasc/.pyenv/versions/3.11.2/envs/bap_coe/lib/python3.11/site-packages/wcmatch/__init__.py
2024-04-22T16:48:15.883966+00:00 DEBUG 'ansible_navigator.main' websocket-client==1.6.4 
2024-04-22T16:48:15.884021+00:00 DEBUG 'ansible_navigator.main' xmltodict==0.13.0 /usr/local/google/home/friasc/.pyenv/versions/3.11.2/envs/bap_coe/lib/python3.11/site-packages/xmltodict.py
2024-04-22T16:48:15.884115+00:00 DEBUG 'ansible_navigator.main' yamllint==1.32.0 /usr/local/google/home/friasc/.pyenv/versions/3.11.2/envs/bap_coe/lib/python3.11/site-packages/yamllint/__init__.py
2024-04-22T16:48:15.884215+00:00 DEBUG 'ansible_navigator.main' Default collection_doc_cache_path set to: /usr/local/google/home/friasc/.cache/ansible-navigator/collection_doc_cache.db
2024-04-22T16:48:15.884342+00:00 DEBUG 'ansible_navigator.main' EDITOR environment variable not set
2024-04-22T16:48:15.884380+00:00 DEBUG 'ansible_navigator.main' Default editor_command set to: vi +{line_number} {filename}
2024-04-22T16:48:15.884408+00:00 DEBUG 'ansible_navigator.main' No config file set by ANSIBLE_NAVIGATOR_CONFIG
2024-04-22T16:48:15.884437+00:00 DEBUG 'ansible_navigator.main' Looking in /usr/local/google/home/friasc
2024-04-22T16:48:15.884473+00:00 DEBUG 'ansible_navigator.main' Looking for '/usr/local/google/home/friasc/.ansible-navigator.yml', '/usr/local/google/home/friasc/.ansible-navigator.yaml' and '/usr/local/google/home/friasc/.ansible-navigator.json'
2024-04-22T16:48:15.884502+00:00 DEBUG 'ansible_navigator.main' Found 0: 
2024-04-22T16:48:15.884531+00:00 DEBUG 'ansible_navigator.main' Looking in /usr/local/google/home/friasc/apigee-workspace/apigee-hybrid-workspace/bap_coe/apigee_helm/playbooks
2024-04-22T16:48:15.884567+00:00 DEBUG 'ansible_navigator.main' Looking for '/usr/local/google/home/friasc/apigee-workspace/apigee-hybrid-workspace/bap_coe/apigee_helm/playbooks/ansible-navigator.yml', '/usr/local/google/home/friasc/apigee-workspace/apigee-hybrid-workspace/bap_coe/apigee_helm/playbooks/ansible-navigator.yaml' and '/usr/local/google/home/friasc/apigee-workspace/apigee-hybrid-workspace/bap_coe/apigee_helm/playbooks/ansible-navigator.json'
2024-04-22T16:48:15.884600+00:00 DEBUG 'ansible_navigator.main' Found 0: 
2024-04-22T16:48:15.884628+00:00 DEBUG 'ansible_navigator.main' All found 0: 
2024-04-22T16:48:15.884656+00:00 DEBUG 'ansible_navigator.main' Using: None
2024-04-22T16:48:15.884684+00:00 DEBUG 'ansible_navigator.main' No valid settings file found, using all default values for settings.
2024-04-22T16:48:15.884712+00:00 DEBUG 'ansible_navigator.main' Command provided: 'version'
2024-04-22T16:48:15.884764+00:00 WARNING 'ansible_navigator.main' Configuration errors encountered, rolling back to previous configuration.
2024-04-22T16:48:15.884795+00:00 DEBUG 'ansible_navigator.main' Prior to rollback: ansible_runner_artifact_dir = 'Not set' (Constants/Not set)
2024-04-22T16:48:15.884825+00:00 DEBUG 'ansible_navigator.main' Prior to rollback: ansible_runner_rotate_artifacts_count = 'Not set' (Constants/Not set)
2024-04-22T16:48:15.884854+00:00 DEBUG 'ansible_navigator.main' Prior to rollback: ansible_runner_timeout = 'Not set' (Constants/Not set)
2024-04-22T16:48:15.884884+00:00 DEBUG 'ansible_navigator.main' Prior to rollback: ansible_runner_write_job_events = 'False' (bool/Defaults)
2024-04-22T16:48:15.884913+00:00 DEBUG 'ansible_navigator.main' Prior to rollback: app = 'welcome' (str/Defaults)
2024-04-22T16:48:15.884940+00:00 DEBUG 'ansible_navigator.main' Prior to rollback: cmdline = '['version']' (list/Command line)
2024-04-22T16:48:15.884967+00:00 DEBUG 'ansible_navigator.main' Prior to rollback: collection_doc_cache_path = '/usr/local/google/home/friasc/.cache/ansible-navigator/collection_doc_cache.db' (str/Defaults)
2024-04-22T16:48:15.884995+00:00 DEBUG 'ansible_navigator.main' Prior to rollback: config = 'Not set' (Constants/Not set)
2024-04-22T16:48:15.885034+00:00 DEBUG 'ansible_navigator.main' Prior to rollback: container_engine = 'auto' (str/Defaults)
2024-04-22T16:48:15.885062+00:00 DEBUG 'ansible_navigator.main' Prior to rollback: container_options = 'Not set' (Constants/Not set)
2024-04-22T16:48:15.885090+00:00 DEBUG 'ansible_navigator.main' Prior to rollback: display_color = 'True' (bool/Defaults)
2024-04-22T16:48:15.885117+00:00 DEBUG 'ansible_navigator.main' Prior to rollback: editor_command = 'vi +{line_number} {filename}' (str/Defaults)
2024-04-22T16:48:15.885157+00:00 DEBUG 'ansible_navigator.main' Prior to rollback: editor_console = 'True' (bool/Defaults)
2024-04-22T16:48:15.885185+00:00 DEBUG 'ansible_navigator.main' Prior to rollback: enable_prompts = 'False' (bool/Defaults)
2024-04-22T16:48:15.885213+00:00 DEBUG 'ansible_navigator.main' Prior to rollback: exec_command = '/bin/bash' (str/Defaults)
2024-04-22T16:48:15.885241+00:00 DEBUG 'ansible_navigator.main' Prior to rollback: exec_shell = 'True' (bool/Defaults)
2024-04-22T16:48:15.885269+00:00 DEBUG 'ansible_navigator.main' Prior to rollback: execution_environment = 'True' (bool/Defaults)
2024-04-22T16:48:15.885296+00:00 DEBUG 'ansible_navigator.main' Prior to rollback: execution_environment_image = 'ghcr.io/ansible/creator-ee:v0.22.0' (str/Defaults)
2024-04-22T16:48:15.885324+00:00 DEBUG 'ansible_navigator.main' Prior to rollback: execution_environment_volume_mounts = 'Not set' (Constants/Not set)
2024-04-22T16:48:15.885351+00:00 DEBUG 'ansible_navigator.main' Prior to rollback: format = 'yaml' (str/Defaults)
2024-04-22T16:48:15.885378+00:00 DEBUG 'ansible_navigator.main' Prior to rollback: help_builder = 'False' (bool/Defaults)
2024-04-22T16:48:15.885406+00:00 DEBUG 'ansible_navigator.main' Prior to rollback: help_config = 'False' (bool/Defaults)
2024-04-22T16:48:15.885434+00:00 DEBUG 'ansible_navigator.main' Prior to rollback: help_doc = 'False' (bool/Defaults)
2024-04-22T16:48:15.885462+00:00 DEBUG 'ansible_navigator.main' Prior to rollback: help_inventory = 'False' (bool/Defaults)
2024-04-22T16:48:15.885489+00:00 DEBUG 'ansible_navigator.main' Prior to rollback: help_playbook = 'False' (bool/Defaults)
2024-04-22T16:48:15.885516+00:00 DEBUG 'ansible_navigator.main' Prior to rollback: images_details = '['everything']' (list/Defaults)
2024-04-22T16:48:15.885542+00:00 DEBUG 'ansible_navigator.main' Prior to rollback: inventory = 'Not set' (Constants/Not set)
2024-04-22T16:48:15.885733+00:00 DEBUG 'ansible_navigator.main' Prior to rollback: inventory_column = 'Not set' (Constants/Not set)
2024-04-22T16:48:15.885832+00:00 DEBUG 'ansible_navigator.main' Prior to rollback: lint_config = 'Not set' (Constants/Not set)
2024-04-22T16:48:15.885870+00:00 DEBUG 'ansible_navigator.main' Prior to rollback: lintables = 'Not set' (Constants/Not set)
2024-04-22T16:48:15.885902+00:00 DEBUG 'ansible_navigator.main' Prior to rollback: log_append = 'True' (bool/Defaults)
2024-04-22T16:48:15.885933+00:00 DEBUG 'ansible_navigator.main' Prior to rollback: log_file = '/usr/local/google/home/friasc/apigee-workspace/apigee-hybrid-workspace/bap_coe/apigee_helm/playbooks/ansible-navigator.log' (str/Defaults)
2024-04-22T16:48:15.885963+00:00 DEBUG 'ansible_navigator.main' Prior to rollback: log_level = 'warning' (str/Defaults)
2024-04-22T16:48:15.885993+00:00 DEBUG 'ansible_navigator.main' Prior to rollback: mode = 'interactive' (str/Defaults)
2024-04-22T16:48:15.886021+00:00 DEBUG 'ansible_navigator.main' Prior to rollback: osc4 = 'True' (bool/Defaults)
2024-04-22T16:48:15.886051+00:00 DEBUG 'ansible_navigator.main' Prior to rollback: pass_environment_variable = 'Not set' (Constants/Not set)
2024-04-22T16:48:15.886080+00:00 DEBUG 'ansible_navigator.main' Prior to rollback: playbook = 'Not set' (Constants/Not set)
2024-04-22T16:48:15.886112+00:00 DEBUG 'ansible_navigator.main' Prior to rollback: playbook_artifact_enable = 'True' (bool/Defaults)
2024-04-22T16:48:15.886141+00:00 DEBUG 'ansible_navigator.main' Prior to rollback: playbook_artifact_replay = 'Not set' (Constants/Not set)
2024-04-22T16:48:15.886170+00:00 DEBUG 'ansible_navigator.main' Prior to rollback: playbook_artifact_save_as = '{playbook_dir}/{playbook_name}-artifact-{time_stamp}.json' (str/Defaults)
2024-04-22T16:48:15.886199+00:00 DEBUG 'ansible_navigator.main' Prior to rollback: plugin_name = 'Not set' (Constants/Not set)
2024-04-22T16:48:15.886227+00:00 DEBUG 'ansible_navigator.main' Prior to rollback: plugin_type = 'module' (str/Defaults)
2024-04-22T16:48:15.886256+00:00 DEBUG 'ansible_navigator.main' Prior to rollback: pull_arguments = 'Not set' (Constants/Not set)
2024-04-22T16:48:15.886299+00:00 DEBUG 'ansible_navigator.main' Prior to rollback: pull_policy = 'tag' (str/Defaults)
2024-04-22T16:48:15.886332+00:00 DEBUG 'ansible_navigator.main' Prior to rollback: set_environment_variable = 'Not set' (Constants/Not set)
2024-04-22T16:48:15.886362+00:00 DEBUG 'ansible_navigator.main' Prior to rollback: settings_effective = 'False' (bool/Defaults)
2024-04-22T16:48:15.886415+00:00 DEBUG 'ansible_navigator.main' Prior to rollback: settings_sample = 'False' (bool/Defaults)
2024-04-22T16:48:15.886459+00:00 DEBUG 'ansible_navigator.main' Prior to rollback: settings_schema = 'json' (str/Defaults)
2024-04-22T16:48:15.886490+00:00 DEBUG 'ansible_navigator.main' Prior to rollback: settings_sources = 'False' (bool/Defaults)
2024-04-22T16:48:15.886520+00:00 DEBUG 'ansible_navigator.main' Prior to rollback: time_zone = 'UTC' (str/Defaults)
2024-04-22T16:48:15.886549+00:00 DEBUG 'ansible_navigator.main' Prior to rollback: workdir = '/usr/local/google/home/friasc/apigee-workspace/apigee-hybrid-workspace/bap_coe/apigee_helm/playbooks' (str/Defaults)
2024-04-22T16:48:15.886578+00:00 DEBUG 'ansible_navigator.main' After rollback: ansible_runner_artifact_dir = 'Not set' (Constants/Not set)
2024-04-22T16:48:15.886607+00:00 DEBUG 'ansible_navigator.main' After rollback: ansible_runner_rotate_artifacts_count = 'Not set' (Constants/Not set)
2024-04-22T16:48:15.886636+00:00 DEBUG 'ansible_navigator.main' After rollback: ansible_runner_timeout = 'Not set' (Constants/Not set)
2024-04-22T16:48:15.886668+00:00 DEBUG 'ansible_navigator.main' After rollback: ansible_runner_write_job_events = 'Not set' (Constants/Not set)
2024-04-22T16:48:15.886706+00:00 DEBUG 'ansible_navigator.main' After rollback: app = 'Not set' (Constants/Not set)
2024-04-22T16:48:15.886737+00:00 DEBUG 'ansible_navigator.main' After rollback: cmdline = 'Not set' (Constants/Not set)
2024-04-22T16:48:15.886766+00:00 DEBUG 'ansible_navigator.main' After rollback: collection_doc_cache_path = 'Not set' (Constants/Not set)
2024-04-22T16:48:15.886795+00:00 DEBUG 'ansible_navigator.main' After rollback: config = 'Not set' (Constants/Not set)
2024-04-22T16:48:15.886823+00:00 DEBUG 'ansible_navigator.main' After rollback: container_engine = 'Not set' (Constants/Not set)
2024-04-22T16:48:15.886851+00:00 DEBUG 'ansible_navigator.main' After rollback: container_options = 'Not set' (Constants/Not set)
2024-04-22T16:48:15.886879+00:00 DEBUG 'ansible_navigator.main' After rollback: display_color = 'Not set' (Constants/Not set)
2024-04-22T16:48:15.886909+00:00 DEBUG 'ansible_navigator.main' After rollback: editor_command = 'Not set' (Constants/Not set)
2024-04-22T16:48:15.886936+00:00 DEBUG 'ansible_navigator.main' After rollback: editor_console = 'Not set' (Constants/Not set)
2024-04-22T16:48:15.886964+00:00 DEBUG 'ansible_navigator.main' After rollback: enable_prompts = 'Not set' (Constants/Not set)
2024-04-22T16:48:15.886993+00:00 DEBUG 'ansible_navigator.main' After rollback: exec_command = 'Not set' (Constants/Not set)
2024-04-22T16:48:15.887021+00:00 DEBUG 'ansible_navigator.main' After rollback: exec_shell = 'Not set' (Constants/Not set)
2024-04-22T16:48:15.887050+00:00 DEBUG 'ansible_navigator.main' After rollback: execution_environment = 'Not set' (Constants/Not set)
2024-04-22T16:48:15.887079+00:00 DEBUG 'ansible_navigator.main' After rollback: execution_environment_image = 'Not set' (Constants/Not set)
2024-04-22T16:48:15.887108+00:00 DEBUG 'ansible_navigator.main' After rollback: execution_environment_volume_mounts = 'Not set' (Constants/Not set)
2024-04-22T16:48:15.887137+00:00 DEBUG 'ansible_navigator.main' After rollback: format = 'Not set' (Constants/Not set)
2024-04-22T16:48:15.887166+00:00 DEBUG 'ansible_navigator.main' After rollback: help_builder = 'Not set' (Constants/Not set)
2024-04-22T16:48:15.887193+00:00 DEBUG 'ansible_navigator.main' After rollback: help_config = 'Not set' (Constants/Not set)
2024-04-22T16:48:15.887220+00:00 DEBUG 'ansible_navigator.main' After rollback: help_doc = 'Not set' (Constants/Not set)
2024-04-22T16:48:15.887257+00:00 DEBUG 'ansible_navigator.main' After rollback: help_inventory = 'Not set' (Constants/Not set)
2024-04-22T16:48:15.887287+00:00 DEBUG 'ansible_navigator.main' After rollback: help_playbook = 'Not set' (Constants/Not set)
2024-04-22T16:48:15.887315+00:00 DEBUG 'ansible_navigator.main' After rollback: images_details = 'Not set' (Constants/Not set)
2024-04-22T16:48:15.887343+00:00 DEBUG 'ansible_navigator.main' After rollback: inventory = 'Not set' (Constants/Not set)
2024-04-22T16:48:15.887371+00:00 DEBUG 'ansible_navigator.main' After rollback: inventory_column = 'Not set' (Constants/Not set)
2024-04-22T16:48:15.887398+00:00 DEBUG 'ansible_navigator.main' After rollback: lint_config = 'Not set' (Constants/Not set)
2024-04-22T16:48:15.887425+00:00 DEBUG 'ansible_navigator.main' After rollback: lintables = 'Not set' (Constants/Not set)
2024-04-22T16:48:15.887453+00:00 DEBUG 'ansible_navigator.main' After rollback: log_append = 'Not set' (Constants/Not set)
2024-04-22T16:48:15.887481+00:00 DEBUG 'ansible_navigator.main' After rollback: log_file = 'Not set' (Constants/Not set)
2024-04-22T16:48:15.887509+00:00 DEBUG 'ansible_navigator.main' After rollback: log_level = 'Not set' (Constants/Not set)
2024-04-22T16:48:15.887536+00:00 DEBUG 'ansible_navigator.main' After rollback: mode = 'Not set' (Constants/Not set)
2024-04-22T16:48:15.887563+00:00 DEBUG 'ansible_navigator.main' After rollback: osc4 = 'Not set' (Constants/Not set)
2024-04-22T16:48:15.887591+00:00 DEBUG 'ansible_navigator.main' After rollback: pass_environment_variable = 'Not set' (Constants/Not set)
2024-04-22T16:48:15.887619+00:00 DEBUG 'ansible_navigator.main' After rollback: playbook = 'Not set' (Constants/Not set)
2024-04-22T16:48:15.887647+00:00 DEBUG 'ansible_navigator.main' After rollback: playbook_artifact_enable = 'Not set' (Constants/Not set)
2024-04-22T16:48:15.887681+00:00 DEBUG 'ansible_navigator.main' After rollback: playbook_artifact_replay = 'Not set' (Constants/Not set)
2024-04-22T16:48:15.887710+00:00 DEBUG 'ansible_navigator.main' After rollback: playbook_artifact_save_as = 'Not set' (Constants/Not set)
2024-04-22T16:48:15.887737+00:00 DEBUG 'ansible_navigator.main' After rollback: plugin_name = 'Not set' (Constants/Not set)
2024-04-22T16:48:15.887765+00:00 DEBUG 'ansible_navigator.main' After rollback: plugin_type = 'Not set' (Constants/Not set)
2024-04-22T16:48:15.887807+00:00 DEBUG 'ansible_navigator.main' After rollback: pull_arguments = 'Not set' (Constants/Not set)
2024-04-22T16:48:15.887856+00:00 DEBUG 'ansible_navigator.main' After rollback: pull_policy = 'Not set' (Constants/Not set)
2024-04-22T16:48:15.887905+00:00 DEBUG 'ansible_navigator.main' After rollback: set_environment_variable = 'Not set' (Constants/Not set)
2024-04-22T16:48:15.887953+00:00 DEBUG 'ansible_navigator.main' After rollback: settings_effective = 'Not set' (Constants/Not set)
2024-04-22T16:48:15.887989+00:00 DEBUG 'ansible_navigator.main' After rollback: settings_sample = 'Not set' (Constants/Not set)
2024-04-22T16:48:15.888018+00:00 DEBUG 'ansible_navigator.main' After rollback: settings_schema = 'Not set' (Constants/Not set)
2024-04-22T16:48:15.888046+00:00 DEBUG 'ansible_navigator.main' After rollback: settings_sources = 'Not set' (Constants/Not set)
2024-04-22T16:48:15.888076+00:00 DEBUG 'ansible_navigator.main' After rollback: time_zone = 'Not set' (Constants/Not set)
2024-04-22T16:48:15.888104+00:00 DEBUG 'ansible_navigator.main' After rollback: workdir = 'Not set' (Constants/Not set)
2024-04-22T16:48:15.888132+00:00 DEBUG 'ansible_navigator.main' Configuration rollback complete.
2024-04-22T16:48:15.888170+00:00 DEBUG 'ansible_navigator.main' Collection doc cache not mounted
2024-04-22T16:48:15.888228+00:00 WARNING 'ansible_navigator.main' Issues were found while applying the settings.
2024-04-22T16:48:15.888261+00:00 INFO 'ansible_navigator.main' Command provided: 'version'
2024-04-22T16:48:15.888303+00:00 ERROR 'ansible_navigator.main' argument {subcommand} --help: invalid choice: 'version' (choose from 'builder', 'collections', 'config', 'doc', 'exec', 'images', 'inventory', 'lint', 'replay', 'run', 'settings', 'welcome')
2024-04-22T16:48:15.888351+00:00 INFO 'ansible_navigator.main' Configuration failed, using default log file location. (/usr/local/google/home/friasc/apigee-workspace/apigee-hybrid-workspace/bap_coe/apigee_helm/playbooks/ansible-navigator.log) Log level set to debug
2024-04-22T16:48:15.888386+00:00 INFO 'ansible_navigator.main' Review the hints and log file to see what went wrong.
